::1 - GET / HTTP/1.1 302 68 - 30.313 ms
::1 - GET /login HTTP/1.1 200 1760 - 2849.188 ms
::1 - GET /css/bootstrap.min.css HTTP/1.1 304 - - 7.559 ms
::1 - GET /js/bootstrap.min.js HTTP/1.1 304 - - 7.771 ms
::1 - GET /favicon.ico HTTP/1.1 200 110187 - 5.220 ms
::1 - POST /login HTTP/1.1 302 58 - 269.489 ms
::1 - GET / HTTP/1.1 200 2395 - 330.087 ms
::1 - GET /css/bootstrap.css HTTP/1.1 304 - - 4.513 ms
::1 - GET /css/bootstrap-table.css HTTP/1.1 304 - - 6.046 ms
::1 - GET /css/bootstrap-select.min.css HTTP/1.1 304 - - 2.703 ms
::1 - GET /js/jquery.min.js HTTP/1.1 304 - - 8.934 ms
::1 - GET /js/bootstrap.js HTTP/1.1 304 - - 8.555 ms
::1 - GET /js/bootstrap-table.js HTTP/1.1 304 - - 7.586 ms
::1 - GET /js/bootstrap-select.min.js HTTP/1.1 304 - - 9.717 ms
::1 - GET /js/test.js HTTP/1.1 200 11362 - 15.895 ms
::1 - GET /supplier/ HTTP/1.1 304 - - 453.615 ms
::1 - GET /css/bootstrap.css HTTP/1.1 304 - - 3.605 ms
::1 - GET /css/bootstrap-table.css HTTP/1.1 304 - - 1.454 ms
::1 - GET /css/bootstrap-select.min.css HTTP/1.1 304 - - 1.330 ms
::1 - GET /js/jquery.min.js HTTP/1.1 304 - - 6.187 ms
::1 - GET /js/bootstrap.js HTTP/1.1 304 - - 6.547 ms
::1 - GET /js/bootstrap-table.js HTTP/1.1 304 - - 6.383 ms
::1 - GET /js/bootstrap-select.min.js HTTP/1.1 304 - - 6.460 ms
::1 - GET /js/test.js HTTP/1.1 304 - - 6.407 ms
::1 - GET /logout HTTP/1.1 304 - - 111.765 ms
::1 - GET /css/bootstrap.min.css HTTP/1.1 304 - - 2.089 ms
::1 - GET /js/bootstrap.min.js HTTP/1.1 304 - - 1.875 ms
