::1 - GET / HTTP/1.1 302 68 - 29.471 ms
::1 - GET /login HTTP/1.1 200 1760 - 1660.007 ms
::1 - GET /css/bootstrap.min.css HTTP/1.1 304 - - 5.764 ms
::1 - GET /js/bootstrap.min.js HTTP/1.1 304 - - 18.178 ms
::1 - POST /login HTTP/1.1 302 58 - 185.049 ms
::1 - GET / HTTP/1.1 200 2395 - 338.647 ms
::1 - GET /css/bootstrap.css HTTP/1.1 304 - - 2.642 ms
::1 - GET /css/bootstrap-table.css HTTP/1.1 304 - - 4.388 ms
::1 - GET /css/bootstrap-select.min.css HTTP/1.1 304 - - 3.793 ms
::1 - GET /js/jquery.min.js HTTP/1.1 304 - - 1.432 ms
::1 - GET /js/bootstrap.js HTTP/1.1 304 - - 3.735 ms
::1 - GET /js/bootstrap-table.js HTTP/1.1 304 - - 3.794 ms
::1 - GET /js/bootstrap-select.min.js HTTP/1.1 304 - - 3.567 ms
::1 - GET /js/test.js HTTP/1.1 304 - - 1.460 ms
::1 - GET /banks/ HTTP/1.1 200 4520 - 355.620 ms
::1 - GET /css/bootstrap.css HTTP/1.1 304 - - 24.154 ms
::1 - GET /css/bootstrap-table.css HTTP/1.1 304 - - 8.947 ms
::1 - GET /css/bootstrap-select.min.css HTTP/1.1 304 - - 6.330 ms
::1 - GET /js/jquery.min.js HTTP/1.1 304 - - 6.991 ms
::1 - GET /js/bootstrap.js HTTP/1.1 304 - - 6.580 ms
::1 - GET /js/bootstrap-table.js HTTP/1.1 304 - - 8.536 ms
::1 - GET /js/bootstrap-select.min.js HTTP/1.1 304 - - 11.191 ms
::1 - GET /js/test.js HTTP/1.1 304 - - 6.819 ms
