::1 - GET / HTTP/1.1 302 68 - 27.581 ms
::1 - GET /login HTTP/1.1 200 1760 - 1616.355 ms
::1 - GET /css/bootstrap.min.css HTTP/1.1 200 122540 - 8.052 ms
::1 - GET /js/bootstrap.min.js HTTP/1.1 200 36816 - 3.879 ms
::1 - GET /favicon.ico HTTP/1.1 200 110187 - 20.167 ms
::1 - POST /login HTTP/1.1 302 58 - 144.527 ms
::1 - GET / HTTP/1.1 200 2394 - 386.329 ms
::1 - GET /css/bootstrap-table.css HTTP/1.1 200 6654 - 26.141 ms
::1 - GET /css/bootstrap-select.min.css HTTP/1.1 200 5682 - 29.847 ms
::1 - GET /css/bootstrap.css HTTP/1.1 200 147430 - 25.412 ms
::1 - GET /js/bootstrap.js HTTP/1.1 200 68890 - 30.325 ms
::1 - GET /js/bootstrap-table.js HTTP/1.1 200 94098 - 35.830 ms
::1 - GET /js/jquery.min.js HTTP/1.1 200 95992 - 30.291 ms
::1 - GET /js/bootstrap-select.min.js HTTP/1.1 200 30062 - 35.421 ms
::1 - GET /js/test.js HTTP/1.1 200 11362 - 29.461 ms
::1 - GET /supplier/ HTTP/1.1 200 6116 - 545.979 ms
::1 - GET /css/bootstrap.css HTTP/1.1 304 - - 4.561 ms
::1 - GET /css/bootstrap-table.css HTTP/1.1 304 - - 9.050 ms
::1 - GET /css/bootstrap-select.min.css HTTP/1.1 304 - - 9.486 ms
::1 - GET /js/jquery.min.js HTTP/1.1 304 - - 10.349 ms
::1 - GET /js/bootstrap.js HTTP/1.1 304 - - 13.001 ms
::1 - GET /js/bootstrap-table.js HTTP/1.1 304 - - 13.467 ms
::1 - GET /js/test.js HTTP/1.1 304 - - 14.435 ms
::1 - GET /js/bootstrap-select.min.js HTTP/1.1 304 - - 1.420 ms
::1 - GET /collection/ HTTP/1.1 200 6182 - 412.142 ms
::1 - GET /css/bootstrap.css HTTP/1.1 304 - - 12.541 ms
::1 - GET /css/bootstrap-table.css HTTP/1.1 304 - - 15.464 ms
::1 - GET /css/bootstrap-select.min.css HTTP/1.1 304 - - 20.228 ms
::1 - GET /js/jquery.min.js HTTP/1.1 304 - - 19.893 ms
::1 - GET /js/bootstrap.js HTTP/1.1 304 - - 20.481 ms
::1 - GET /js/bootstrap-table.js HTTP/1.1 304 - - 20.588 ms
::1 - GET /js/bootstrap-select.min.js HTTP/1.1 304 - - 1.179 ms
::1 - GET /js/test.js HTTP/1.1 304 - - 1.398 ms
::1 - GET /Sales/ HTTP/1.1 200 8177 - 291.459 ms
::1 - GET /css/bootstrap.css HTTP/1.1 304 - - 3.648 ms
::1 - GET /css/bootstrap-table.css HTTP/1.1 304 - - 3.620 ms
::1 - GET /css/bootstrap-select.min.css HTTP/1.1 304 - - 4.240 ms
::1 - GET /js/jquery.min.js HTTP/1.1 304 - - 1.767 ms
::1 - GET /js/bootstrap.js HTTP/1.1 304 - - 5.168 ms
::1 - GET /js/bootstrap-table.js HTTP/1.1 304 - - 4.193 ms
::1 - GET /js/bootstrap-select.min.js HTTP/1.1 304 - - 5.006 ms
::1 - GET /js/test.js HTTP/1.1 304 - - 5.882 ms
::1 - GET /fonts/glyphicons-halflings-regular.eot? HTTP/1.1 200 20127 - 26.535 ms
::1 - GET /logout HTTP/1.1 200 1760 - 85.071 ms
::1 - GET /css/bootstrap.min.css HTTP/1.1 304 - - 0.973 ms
::1 - GET /js/bootstrap.min.js HTTP/1.1 304 - - 4.002 ms
::1 - POST /login HTTP/1.1 302 58 - 11.218 ms
::1 - GET / HTTP/1.1 200 2394 - 199.265 ms
::1 - GET /css/bootstrap.css HTTP/1.1 304 - - 6.431 ms
::1 - GET /css/bootstrap-table.css HTTP/1.1 304 - - 7.236 ms
::1 - GET /css/bootstrap-select.min.css HTTP/1.1 304 - - 5.860 ms
::1 - GET /js/jquery.min.js HTTP/1.1 304 - - 1.979 ms
::1 - GET /js/bootstrap.js HTTP/1.1 304 - - 6.572 ms
::1 - GET /js/bootstrap-table.js HTTP/1.1 304 - - 5.098 ms
::1 - GET /js/bootstrap-select.min.js HTTP/1.1 304 - - 3.934 ms
::1 - GET /js/test.js HTTP/1.1 304 - - 3.905 ms
::1 - GET /supplier/ HTTP/1.1 200 6307 - 252.475 ms
::1 - GET /css/bootstrap.css HTTP/1.1 304 - - 2.329 ms
::1 - GET /css/bootstrap-table.css HTTP/1.1 304 - - 4.440 ms
::1 - GET /css/bootstrap-select.min.css HTTP/1.1 304 - - 2.860 ms
::1 - GET /js/jquery.min.js HTTP/1.1 304 - - 8.207 ms
::1 - GET /js/bootstrap.js HTTP/1.1 304 - - 7.596 ms
::1 - GET /js/bootstrap-table.js HTTP/1.1 304 - - 7.939 ms
::1 - GET /js/bootstrap-select.min.js HTTP/1.1 304 - - 8.333 ms
::1 - GET /js/test.js HTTP/1.1 304 - - 10.135 ms
::1 - GET /collection/ HTTP/1.1 200 6369 - 215.179 ms
::1 - GET /css/bootstrap.css HTTP/1.1 304 - - 37.732 ms
::1 - GET /css/bootstrap-table.css HTTP/1.1 304 - - 32.962 ms
::1 - GET /css/bootstrap-select.min.css HTTP/1.1 304 - - 34.405 ms
::1 - GET /js/jquery.min.js HTTP/1.1 304 - - 24.996 ms
::1 - GET /js/bootstrap.js HTTP/1.1 304 - - 21.570 ms
::1 - GET /js/bootstrap-table.js HTTP/1.1 304 - - 19.323 ms
::1 - GET /js/bootstrap-select.min.js HTTP/1.1 304 - - 1.064 ms
::1 - GET /js/test.js HTTP/1.1 304 - - 1.074 ms
::1 - GET /logout HTTP/1.1 304 - - 71.648 ms
::1 - GET /css/bootstrap.min.css HTTP/1.1 304 - - 1.273 ms
::1 - GET /js/bootstrap.min.js HTTP/1.1 304 - - 1.166 ms
