::1 - GET / HTTP/1.1 302 68 - 26.224 ms
::1 - GET /login HTTP/1.1 200 1760 - 2704.415 ms
::1 - GET /js/bootstrap.min.js HTTP/1.1 200 36816 - 65.986 ms
::1 - GET /css/bootstrap.min.css HTTP/1.1 200 122540 - 64.544 ms
::1 - GET /favicon.ico HTTP/1.1 200 110187 - 32.723 ms
::1 - POST /login HTTP/1.1 302 58 - 949.936 ms
::1 - GET / HTTP/1.1 200 2394 - 542.066 ms
::1 - GET /css/bootstrap-select.min.css HTTP/1.1 200 5682 - 36.058 ms
::1 - GET /css/bootstrap-table.css HTTP/1.1 200 6654 - 44.927 ms
::1 - GET /js/bootstrap-table.js HTTP/1.1 200 94098 - 40.773 ms
::1 - GET /js/bootstrap.js HTTP/1.1 200 68890 - 54.097 ms
::1 - GET /js/jquery.min.js HTTP/1.1 200 95992 - 51.922 ms
::1 - GET /css/bootstrap.css HTTP/1.1 200 147430 - 95.892 ms
::1 - GET /js/bootstrap-select.min.js HTTP/1.1 200 30062 - 46.593 ms
::1 - GET /js/test.js HTTP/1.1 200 11362 - 27.183 ms
::1 - GET /collection/ HTTP/1.1 200 6182 - 630.542 ms
::1 - GET /css/bootstrap.css HTTP/1.1 304 - - 5.780 ms
::1 - GET /css/bootstrap-table.css HTTP/1.1 304 - - 27.460 ms
::1 - GET /css/bootstrap-select.min.css HTTP/1.1 304 - - 22.606 ms
::1 - GET /js/jquery.min.js HTTP/1.1 304 - - 9.762 ms
::1 - GET /js/bootstrap.js HTTP/1.1 304 - - 10.565 ms
::1 - GET /js/bootstrap-table.js HTTP/1.1 304 - - 12.314 ms
::1 - GET /js/bootstrap-select.min.js HTTP/1.1 304 - - 14.131 ms
::1 - GET /js/test.js HTTP/1.1 304 - - 1.198 ms
::1 - GET /findcollection/?key=2 HTTP/1.1 200 122 - 41.060 ms
