::1 - POST /login HTTP/1.1 302 58 - 121.968 ms
::1 - GET / HTTP/1.1 304 - - 1900.951 ms
::1 - GET /css/bootstrap.css HTTP/1.1 304 - - 14.489 ms
::1 - GET /css/bootstrap-table.css HTTP/1.1 304 - - 2.789 ms
::1 - GET /css/bootstrap-select.min.css HTTP/1.1 304 - - 2.284 ms
::1 - GET /js/jquery.min.js HTTP/1.1 304 - - 1.620 ms
::1 - GET /js/bootstrap-table.js HTTP/1.1 304 - - 4.936 ms
::1 - GET /js/bootstrap.js HTTP/1.1 304 - - 5.768 ms
::1 - GET /js/bootstrap-select.min.js HTTP/1.1 304 - - 6.752 ms
::1 - GET /js/test.js HTTP/1.1 304 - - 2.157 ms
::1 - GET /collection/ HTTP/1.1 304 - - 600.309 ms
::1 - GET /css/bootstrap.css HTTP/1.1 304 - - 1.848 ms
::1 - GET /css/bootstrap-table.css HTTP/1.1 304 - - 2.511 ms
::1 - GET /css/bootstrap-select.min.css HTTP/1.1 304 - - 2.505 ms
::1 - GET /js/jquery.min.js HTTP/1.1 304 - - 6.736 ms
::1 - GET /js/bootstrap.js HTTP/1.1 304 - - 7.006 ms
::1 - GET /js/bootstrap-table.js HTTP/1.1 304 - - 4.820 ms
::1 - GET /js/bootstrap-select.min.js HTTP/1.1 304 - - 4.021 ms
::1 - GET /js/test.js HTTP/1.1 304 - - 6.129 ms
::1 - GET /logout HTTP/1.1 304 - - 179.642 ms
::1 - GET /css/bootstrap.min.css HTTP/1.1 304 - - 2.296 ms
::1 - GET /js/bootstrap.min.js HTTP/1.1 304 - - 1.877 ms
